
/home/runner/work/exp-continuity-equation-iitb/exp-continuity-equation-iitb/experiment/simulation/common_libraries/js/ts_components/collapse_step.js
   1:10  warning  'show_step' is defined but never used                 no-unused-vars
   2:5   warning  '$' is not defined                                    no-undef
   3:9   warning  '$' is not defined                                    no-undef
   6:10  warning  'hide_step' is defined but never used                 no-unused-vars
   7:5   warning  '$' is not defined                                    no-undef
   8:9   warning  '$' is not defined                                    no-undef
  11:10  warning  'get_collapse_btn_text' is defined but never used     no-unused-vars
  20:10  warning  'get_collapse_btn_element' is defined but never used  no-unused-vars
  29:10  warning  'hide_all_steps' is defined but never used            no-unused-vars
  31:9   warning  '$' is not defined                                    no-undef

/home/runner/work/exp-continuity-equation-iitb/exp-continuity-equation-iitb/experiment/simulation/common_libraries/js/ts_components/matrix.js
   27:26  warning  'MathJax' is not defined                                no-undef
   32:7   warning  'Matrix_Without_String' is defined but never used       no-unused-vars
   52:26  warning  'MathJax' is not defined                                no-undef
   56:10  warning  'get_matrix_html' is defined but never used             no-unused-vars
   87:13  warning  'row_html' is assigned a value but never used           no-unused-vars
   99:10  warning  'get_matrix_html_with_title' is defined but never used  no-unused-vars
  131:13  warning  'row_html' is assigned a value but never used           no-unused-vars
  143:10  warning  'convert_2d_to_1d_vector' is defined but never used     no-unused-vars
  156:10  warning  'convert_1d_to_2d_matrix' is defined but never used     no-unused-vars

/home/runner/work/exp-continuity-equation-iitb/exp-continuity-equation-iitb/experiment/simulation/common_libraries/js/ts_components/pannel.js
  8:7  warning  'Pannel' is defined but never used  no-unused-vars

/home/runner/work/exp-continuity-equation-iitb/exp-continuity-equation-iitb/experiment/simulation/common_libraries/js/ts_components/questions.js
   6:17  warning  'op1' is assigned a value but never used      no-unused-vars
   7:17  warning  'op2' is assigned a value but never used      no-unused-vars
   8:17  warning  'op3' is assigned a value but never used      no-unused-vars
   9:17  warning  'op4' is assigned a value but never used      no-unused-vars
  94:7   warning  'Question_Options' is defined but never used  no-unused-vars

/home/runner/work/exp-continuity-equation-iitb/exp-continuity-equation-iitb/experiment/simulation/common_libraries/js/ts_components/tables.js
   19:22  warning  'verify_values' is not defined                                     no-undef
  137:22  warning  'verify_values' is not defined                                     no-undef
  260:7   warning  'Verify_Rows_Cols_6_decimal_places' is defined but never used      no-unused-vars
  311:22  warning  'verify_values' is not defined                                     no-undef
  416:7   warning  'Verify_Rows_Cols_Custom_Fixed_Update1' is defined but never used  no-unused-vars
  468:7   warning  'Show_Table_Custom_Fixed' is defined but never used                no-unused-vars
  506:7   warning  'Verify_Rows_Cols_Strings' is defined but never used               no-unused-vars
  527:22  warning  'verify_values' is not defined                                     no-undef
  663:7   warning  'Display_Table' is defined but never used                          no-unused-vars

/home/runner/work/exp-continuity-equation-iitb/exp-continuity-equation-iitb/experiment/simulation/common_libraries/js/ts_math_library/general_math_functions.js
    1:10  warning  'verify_values' is defined but never used                   no-unused-vars
   17:10  warning  'random1' is defined but never used                         no-unused-vars
   21:10  warning  'std_deviation' is defined but never used                   no-unused-vars
   26:10  warning  'gauss' is defined but never used                           no-unused-vars
   56:10  warning  'hide_panel' is defined but never used                      no-unused-vars
   63:10  warning  'inverse_matrix' is defined but never used                  no-unused-vars
   96:10  warning  'matrix_multiplication' is defined but never used           no-unused-vars
  113:10  warning  'transpose_matrix' is defined but never used                no-unused-vars
  123:10  warning  'matrix_multiplication_8decimal' is defined but never used  no-unused-vars
  140:10  warning  'adjoint_2x2_matrix' is defined but never used              no-unused-vars
  145:10  warning  'find_deteminant' is defined but never used                 no-unused-vars
  174:10  warning  'get_Submatrix' is defined but never used                   no-unused-vars

/home/runner/work/exp-continuity-equation-iitb/exp-continuity-equation-iitb/experiment/simulation/common_libraries/js/ts_math_library/regression.js
   1:10  warning  'regression_linear' is defined but never used            no-unused-vars
  18:10  warning  'regression_linear_1variable' is defined but never used  no-unused-vars
  27:10  warning  'regression_linear_2variable' is defined but never used  no-unused-vars
  52:11  warning  'gauss' is not defined                                   no-undef

/home/runner/work/exp-continuity-equation-iitb/exp-continuity-equation-iitb/experiment/simulation/common_libraries/math.ob.js
  1:745  warning  'b' is already defined  no-redeclare

/home/runner/work/exp-continuity-equation-iitb/exp-continuity-equation-iitb/experiment/simulation/js/activity1.js
   14:9   warning  'MathJax' is not defined                           no-undef
   19:5   warning  'd1_a1' is not defined                             no-undef
   19:13  warning  'random1' is not defined                           no-undef
   20:5   warning  'd2_a1' is not defined                             no-undef
   20:13  warning  'random1' is not defined                           no-undef
   21:5   warning  'A1_a1' is not defined                             no-undef
   21:51  warning  'd1_a1' is not defined                             no-undef
   22:5   warning  'A2_a1' is not defined                             no-undef
   22:51  warning  'd2_a1' is not defined                             no-undef
   23:5   warning  'Q_a1' is not defined                              no-undef
   23:24  warning  'A1_a1' is not defined                             no-undef
   23:32  warning  'v1_a1' is not defined                             no-undef
   24:5   warning  'v2_a1' is not defined                             no-undef
   24:25  warning  'Q_a1' is not defined                              no-undef
   24:32  warning  'A2_a1' is not defined                             no-undef
   25:17  warning  'd1_a1' is not defined                             no-undef
   26:17  warning  'd2_a1' is not defined                             no-undef
   28:10  warning  'start_act1' is defined but never used             no-unused-vars
   31:20  warning  'get_collapse_btn_text' is not defined             no-undef
   38:64  warning  'd1_a1' is not defined                             no-undef
   38:79  warning  'd2_a1' is not defined                             no-undef
   41:44  warning  'v1_a1' is not defined                             no-undef
   54:32  warning  Unnecessary escape character: \π                   no-useless-escape
   64:32  warning  Unnecessary escape character: \π                   no-useless-escape
   77:9   warning  'MathJax' is not defined                           no-undef
   79:5   warning  'hide_all_steps' is not defined                    no-undef
   81:9   warning  'show_step' is not defined                         no-undef
   84:10  warning  'verify_area_a1' is defined but never used         no-unused-vars
   87:17  warning  'A1_a1' is not defined                             no-undef
   87:24  warning  'A2_a1' is not defined                             no-undef
   88:10  warning  'verify_values' is not defined                     no-undef
   88:50  warning  'A1_a1' is not defined                             no-undef
   97:10  warning  'verify_values' is not defined                     no-undef
   97:50  warning  'A2_a1' is not defined                             no-undef
  112:44  warning  'A1_a1' is not defined                             no-undef
  115:44  warning  'A2_a1' is not defined                             no-undef
  122:9   warning  'MathJax' is not defined                           no-undef
  125:10  warning  'load_discharge_div_a1' is defined but never used  no-unused-vars
  148:10  warning  'verify_discharge_a1' is defined but never used    no-unused-vars
  150:17  warning  'Q_a1' is not defined                              no-undef
  151:10  warning  'verify_values' is not defined                     no-undef
  151:47  warning  'Q_a1' is not defined                              no-undef
  165:42  warning  'Q_a1' is not defined                              no-undef
  171:10  warning  'load_v_div_a1' is defined but never used          no-unused-vars
  199:9   warning  'MathJax' is not defined                           no-undef
  202:10  warning  'verify_v_a1' is defined but never used            no-unused-vars
  204:17  warning  'v2_a1' is not defined                             no-undef
  205:10  warning  'verify_values' is not defined                     no-undef
  205:47  warning  'v2_a1' is not defined                             no-undef
  220:43  warning  'v2_a1' is not defined                             no-undef
  227:9   warning  'MathJax' is not defined                           no-undef

/home/runner/work/exp-continuity-equation-iitb/exp-continuity-equation-iitb/experiment/simulation/js/activity2.js
    1:10   warning  'activity2' is defined but never used                no-unused-vars
    5:20   warning  'get_collapse_btn_text' is not defined               no-undef
    6:5    warning  'maindiv' is not defined                             no-undef
   12:31   warning  'd1_a2' is not defined                               no-undef
   12:92   warning  'd2_a2' is not defined                               no-undef
   12:107  warning  'd3_a2' is not defined                               no-undef
   15:44   warning  'v1_a2' is not defined                               no-undef
   15:147  warning  'v2_a2' is not defined                               no-undef
   28:32   warning  Unnecessary escape character: \π                     no-useless-escape
   38:32   warning  Unnecessary escape character: \π                     no-useless-escape
   48:32   warning  Unnecessary escape character: \π                     no-useless-escape
   61:9    warning  'MathJax' is not defined                             no-undef
   63:5    warning  'hide_all_steps' is not defined                      no-undef
   65:9    warning  'show_step' is not defined                           no-undef
   69:5    warning  'd1_a2' is not defined                               no-undef
   69:13   warning  'random1' is not defined                             no-undef
   70:5    warning  'd2_a2' is not defined                               no-undef
   70:13   warning  'random1' is not defined                             no-undef
   71:5    warning  'd3_a2' is not defined                               no-undef
   71:13   warning  'random1' is not defined                             no-undef
   72:5    warning  'A1_a2' is not defined                               no-undef
   72:51   warning  'd1_a2' is not defined                               no-undef
   73:5    warning  'A2_a2' is not defined                               no-undef
   73:51   warning  'd2_a2' is not defined                               no-undef
   74:5    warning  'A3_a2' is not defined                               no-undef
   74:51   warning  'd3_a2' is not defined                               no-undef
   75:5    warning  'v3_a2' is not defined                               no-undef
   75:26   warning  'A1_a2' is not defined                               no-undef
   75:34   warning  'v1_a2' is not defined                               no-undef
   75:42   warning  'A2_a2' is not defined                               no-undef
   75:50   warning  'v2_a2' is not defined                               no-undef
   75:59   warning  'A3_a2' is not defined                               no-undef
   76:5    warning  'Q1_a2' is not defined                               no-undef
   76:25   warning  'A1_a2' is not defined                               no-undef
   76:33   warning  'v1_a2' is not defined                               no-undef
   77:5    warning  'Q2_a2' is not defined                               no-undef
   77:25   warning  'A2_a2' is not defined                               no-undef
   77:33   warning  'v2_a2' is not defined                               no-undef
   78:5    warning  'Q3_a2' is not defined                               no-undef
   78:25   warning  'A3_a2' is not defined                               no-undef
   78:33   warning  'v3_a2' is not defined                               no-undef
   79:26   warning  'd1_a2' is not defined                               no-undef
   80:26   warning  'd2_a2' is not defined                               no-undef
   81:26   warning  'd3_a2' is not defined                               no-undef
   82:26   warning  'A1_a2' is not defined                               no-undef
   83:26   warning  'A2_a2' is not defined                               no-undef
   84:26   warning  'A3_a2' is not defined                               no-undef
   85:26   warning  'Q1_a2' is not defined                               no-undef
   86:26   warning  'Q2_a2' is not defined                               no-undef
   87:26   warning  'Q3_a2' is not defined                               no-undef
   88:26   warning  'v3_a2' is not defined                               no-undef
   90:10   warning  'verify_area_a2' is defined but never used           no-unused-vars
   94:17   warning  'A1_a2' is not defined                               no-undef
   94:24   warning  'A2_a2' is not defined                               no-undef
   94:31   warning  'A3_a2' is not defined                               no-undef
   95:10   warning  'verify_values' is not defined                       no-undef
   95:50   warning  'A1_a2' is not defined                               no-undef
  104:10   warning  'verify_values' is not defined                       no-undef
  104:50   warning  'A2_a2' is not defined                               no-undef
  113:10   warning  'verify_values' is not defined                       no-undef
  113:50   warning  'A3_a2' is not defined                               no-undef
  128:44   warning  'A1_a2' is not defined                               no-undef
  131:44   warning  'A2_a2' is not defined                               no-undef
  134:44   warning  'A3_a2' is not defined                               no-undef
  141:9    warning  'MathJax' is not defined                             no-undef
  144:10   warning  'load_inlet_discharge_a2' is defined but never used  no-unused-vars
  169:9    warning  'MathJax' is not defined                             no-undef
  172:10   warning  'verify_q1_a2' is defined but never used             no-unused-vars
  174:17   warning  'Q1_a2' is not defined                               no-undef
  175:10   warning  'verify_values' is not defined                       no-undef
  175:47   warning  'Q1_a2' is not defined                               no-undef
  190:28   warning  'Q1_a2' is not defined                               no-undef
  197:9    warning  'MathJax' is not defined                             no-undef
  200:10   warning  'load_v3_div_a2' is defined but never used           no-unused-vars
  233:9    warning  'MathJax' is not defined                             no-undef
  236:10   warning  'verify_v3_a2' is defined but never used             no-unused-vars
  238:17   warning  'v3_a2' is not defined                               no-undef
  239:10   warning  'verify_values' is not defined                       no-undef
  239:47   warning  'v3_a2' is not defined                               no-undef
  254:49   warning  'v3_a2' is not defined                               no-undef
  261:9    warning  'MathJax' is not defined                             no-undef
  264:10   warning  'load_q2_q3_div_a2' is defined but never used        no-unused-vars
  299:9    warning  'MathJax' is not defined                             no-undef
  302:10   warning  'verify_q2_q3_a2' is defined but never used          no-unused-vars
  305:17   warning  'Q2_a2' is not defined                               no-undef
  305:24   warning  'Q3_a2' is not defined                               no-undef
  306:10   warning  'verify_values' is not defined                       no-undef
  306:50   warning  'Q2_a2' is not defined                               no-undef
  315:10   warning  'verify_values' is not defined                       no-undef
  315:50   warning  'Q3_a2' is not defined                               no-undef
  330:27   warning  'Q2_a2' is not defined                               no-undef
  333:27   warning  'Q3_a2' is not defined                               no-undef
  340:9    warning  'MathJax' is not defined                             no-undef

/home/runner/work/exp-continuity-equation-iitb/exp-continuity-equation-iitb/experiment/simulation/js/activity3.js
    1:10  warning  'activity3' is defined but never used             no-unused-vars
    5:20  warning  'get_collapse_btn_text' is not defined            no-undef
    6:5   warning  'maindiv' is not defined                          no-undef
   12:60  warning  'd1_a3' is not defined                            no-undef
   12:71  warning  'd2_a3' is not defined                            no-undef
   12:82  warning  'd3_a3' is not defined                            no-undef
   12:96  warning  'd4_a3' is not defined                            no-undef
   15:47  warning  'v_ab' is not defined                             no-undef
   15:62  warning  'v_cd' is not defined                             no-undef
   28:35  warning  Unnecessary escape character: \π                  no-useless-escape
   38:35  warning  Unnecessary escape character: \π                  no-useless-escape
   48:35  warning  Unnecessary escape character: \π                  no-useless-escape
   58:35  warning  Unnecessary escape character: \π                  no-useless-escape
   71:9   warning  'MathJax' is not defined                          no-undef
   73:5   warning  'hide_all_steps' is not defined                   no-undef
   75:9   warning  'show_step' is not defined                        no-undef
   79:5   warning  'd1_a3' is not defined                            no-undef
   79:24  warning  'random' is not defined                           no-undef
   80:5   warning  'd2_a3' is not defined                            no-undef
   80:24  warning  'random' is not defined                           no-undef
   81:5   warning  'd3_a3' is not defined                            no-undef
   81:24  warning  'random' is not defined                           no-undef
   82:5   warning  'd4_a3' is not defined                            no-undef
   82:24  warning  'random' is not defined                           no-undef
   83:5   warning  'A_ab' is not defined                             no-undef
   83:49  warning  'd1_a3' is not defined                            no-undef
   84:5   warning  'A_bc' is not defined                             no-undef
   84:49  warning  'd2_a3' is not defined                            no-undef
   85:5   warning  'A_cd' is not defined                             no-undef
   85:49  warning  'd3_a3' is not defined                            no-undef
   86:5   warning  'A_ce' is not defined                             no-undef
   86:49  warning  'd4_a3' is not defined                            no-undef
   87:5   warning  'Q_ab' is not defined                             no-undef
   87:24  warning  'A_ab' is not defined                             no-undef
   87:31  warning  'v_ab' is not defined                             no-undef
   88:5   warning  'v_bc' is not defined                             no-undef
   88:24  warning  'Q_ab' is not defined                             no-undef
   88:31  warning  'A_bc' is not defined                             no-undef
   89:5   warning  'Q_cd' is not defined                             no-undef
   89:24  warning  'A_cd' is not defined                             no-undef
   89:31  warning  'v_cd' is not defined                             no-undef
   90:5   warning  'Q_ce' is not defined                             no-undef
   90:24  warning  'Q_ab' is not defined                             no-undef
   90:31  warning  'Q_cd' is not defined                             no-undef
   91:5   warning  'v_ce' is not defined                             no-undef
   91:24  warning  'Q_ce' is not defined                             no-undef
   91:31  warning  'A_ce' is not defined                             no-undef
   92:26  warning  'd1_a3' is not defined                            no-undef
   93:26  warning  'd2_a3' is not defined                            no-undef
   94:26  warning  'd3_a3' is not defined                            no-undef
   95:26  warning  'd4_a3' is not defined                            no-undef
   96:25  warning  'A_ab' is not defined                             no-undef
   97:25  warning  'A_bc' is not defined                             no-undef
   98:25  warning  'A_cd' is not defined                             no-undef
   99:25  warning  'A_ce' is not defined                             no-undef
  100:25  warning  'Q_ab' is not defined                             no-undef
  101:25  warning  'Q_cd' is not defined                             no-undef
  102:25  warning  'Q_ce' is not defined                             no-undef
  103:25  warning  'v_bc' is not defined                             no-undef
  104:25  warning  'v_ce' is not defined                             no-undef
  106:10  warning  'verify_area_a3' is defined but never used        no-unused-vars
  111:17  warning  'A_ab' is not defined                             no-undef
  111:23  warning  'A_bc' is not defined                             no-undef
  111:29  warning  'A_cd' is not defined                             no-undef
  111:35  warning  'A_ce' is not defined                             no-undef
  112:10  warning  'verify_values' is not defined                    no-undef
  112:50  warning  'A_ab' is not defined                             no-undef
  121:10  warning  'verify_values' is not defined                    no-undef
  121:50  warning  'A_bc' is not defined                             no-undef
  130:10  warning  'verify_values' is not defined                    no-undef
  130:50  warning  'A_cd' is not defined                             no-undef
  139:10  warning  'verify_values' is not defined                    no-undef
  139:50  warning  'A_ce' is not defined                             no-undef
  154:47  warning  'A_ab' is not defined                             no-undef
  157:47  warning  'A_bc' is not defined                             no-undef
  160:47  warning  'A_cd' is not defined                             no-undef
  163:47  warning  'A_ce' is not defined                             no-undef
  170:9   warning  'MathJax' is not defined                          no-undef
  173:10  warning  'load_discharge_ab_a3' is defined but never used  no-unused-vars
  198:9   warning  'MathJax' is not defined                          no-undef
  201:10  warning  'verify_q_ab_a3' is defined but never used        no-unused-vars
  203:17  warning  'Q_ab' is not defined                             no-undef
  204:10  warning  'verify_values' is not defined                    no-undef
  204:47  warning  'Q_ab' is not defined                             no-undef
  219:36  warning  'Q_ab' is not defined                             no-undef
  226:9   warning  'MathJax' is not defined                          no-undef
  229:10  warning  'load_v_bc_div_a3' is defined but never used      no-unused-vars
  259:9   warning  'MathJax' is not defined                          no-undef
  262:10  warning  'verify_v_bc_a3' is defined but never used        no-unused-vars
  264:17  warning  'v_bc' is not defined                             no-undef
  265:10  warning  'verify_values' is not defined                    no-undef
  265:47  warning  'v_bc' is not defined                             no-undef
  280:46  warning  'v_bc' is not defined                             no-undef
  287:9   warning  'MathJax' is not defined                          no-undef
  290:10  warning  'load_q_cd_div_a3' is defined but never used      no-unused-vars
  315:9   warning  'MathJax' is not defined                          no-undef
  318:10  warning  'verify_q_cd_a3' is defined but never used        no-unused-vars
  320:17  warning  'Q_cd' is not defined                             no-undef
  321:10  warning  'verify_values' is not defined                    no-undef
  321:47  warning  'Q_cd' is not defined                             no-undef
  336:36  warning  'Q_cd' is not defined                             no-undef
  343:9   warning  'MathJax' is not defined                          no-undef
  346:10  warning  'load_q_ce_div_a3' is defined but never used      no-unused-vars
  376:9   warning  'MathJax' is not defined                          no-undef
  379:10  warning  'verify_q_ce_a3' is defined but never used        no-unused-vars
  381:17  warning  'Q_ce' is not defined                             no-undef
  382:10  warning  'verify_values' is not defined                    no-undef
  382:47  warning  'Q_ce' is not defined                             no-undef
  397:39  warning  'Q_ce' is not defined                             no-undef
  404:9   warning  'MathJax' is not defined                          no-undef
  407:10  warning  'load_v_ce_div_a3' is defined but never used      no-unused-vars
  437:9   warning  'MathJax' is not defined                          no-undef
  440:10  warning  'verify_v_ce_a3' is defined but never used        no-unused-vars
  442:17  warning  'v_ce' is not defined                             no-undef
  443:10  warning  'verify_values' is not defined                    no-undef
  443:47  warning  'v_ce' is not defined                             no-undef
  458:46  warning  'v_ce' is not defined                             no-undef
  465:9   warning  'MathJax' is not defined                          no-undef
  468:10  warning  'exp_complete' is defined but never used          no-unused-vars

/home/runner/work/exp-continuity-equation-iitb/exp-continuity-equation-iitb/experiment/simulation/js/data.js
   2:5  warning  'd1_a1' is assigned a value but never used  no-unused-vars
   3:5  warning  'd2_a1' is assigned a value but never used  no-unused-vars
   4:5  warning  'v1_a1' is assigned a value but never used  no-unused-vars
   5:5  warning  'v2_a1' is defined but never used           no-unused-vars
   6:5  warning  'A1_a1' is defined but never used           no-unused-vars
   7:5  warning  'A2_a1' is defined but never used           no-unused-vars
   8:5  warning  'Q_a1' is defined but never used            no-unused-vars
  10:5  warning  'd1_a2' is assigned a value but never used  no-unused-vars
  11:5  warning  'd2_a2' is assigned a value but never used  no-unused-vars
  12:5  warning  'd3_a2' is assigned a value but never used  no-unused-vars
  13:5  warning  'A1_a2' is defined but never used           no-unused-vars
  14:5  warning  'A2_a2' is defined but never used           no-unused-vars
  15:5  warning  'A3_a2' is defined but never used           no-unused-vars
  16:5  warning  'Q1_a2' is defined but never used           no-unused-vars
  17:5  warning  'Q2_a2' is defined but never used           no-unused-vars
  18:5  warning  'Q3_a2' is defined but never used           no-unused-vars
  19:5  warning  'v1_a2' is assigned a value but never used  no-unused-vars
  20:5  warning  'v2_a2' is assigned a value but never used  no-unused-vars
  21:5  warning  'v3_a2' is defined but never used           no-unused-vars
  23:5  warning  'd1_a3' is assigned a value but never used  no-unused-vars
  24:5  warning  'd2_a3' is assigned a value but never used  no-unused-vars
  25:5  warning  'd3_a3' is assigned a value but never used  no-unused-vars
  26:5  warning  'd4_a3' is assigned a value but never used  no-unused-vars
  27:5  warning  'A_ab' is defined but never used            no-unused-vars
  28:5  warning  'A_bc' is defined but never used            no-unused-vars
  29:5  warning  'A_cd' is defined but never used            no-unused-vars
  30:5  warning  'A_ce' is defined but never used            no-unused-vars
  31:5  warning  'Q_ab' is defined but never used            no-unused-vars
  33:5  warning  'Q_cd' is defined but never used            no-unused-vars
  34:5  warning  'Q_ce' is defined but never used            no-unused-vars
  35:5  warning  'v_ab' is assigned a value but never used   no-unused-vars
  36:5  warning  'v_bc' is defined but never used            no-unused-vars
  37:5  warning  'v_cd' is assigned a value but never used   no-unused-vars
  38:5  warning  'v_ce' is defined but never used            no-unused-vars

/home/runner/work/exp-continuity-equation-iitb/exp-continuity-equation-iitb/experiment/simulation/js/screen_size.js
  1:10  warning  'set_screen_size' is defined but never used  no-unused-vars

✖ 349 problems (0 errors, 349 warnings)

